<?xml version="1.0" encoding="UTF-8"?>
<!-- Generated by org.testng.reporters.JUnitReportReporter -->
<testsuite hostname="LAPTOP-CTV4CP29" failures="0" tests="1" name="testclasses.Signuptest" time="8.075" errors="0" timestamp="2023-02-02T17:47:08 IST" skipped="0">
  <testcase classname="testclasses.Signuptest" name="TC01" time="8.075"/>
  <system-out/>
</testsuite> <!-- testclasses.Signuptest -->
