<?xml version="1.0" encoding="UTF-8"?>
<!-- Generated by org.testng.reporters.JUnitReportReporter -->
<testsuite hostname="LAPTOP-CTV4CP29" failures="0" tests="1" name="testclasses.RediffTest" time="4.468" errors="0" timestamp="2023-02-02T18:09:30 IST" skipped="0">
  <testcase classname="testclasses.RediffTest" name="TC001" time="4.468"/>
  <system-out/>
</testsuite> <!-- testclasses.RediffTest -->
