<?xml version="1.0" encoding="UTF-8"?>
<!-- Generated by org.testng.reporters.JUnitReportReporter -->
<testsuite hostname="LAPTOP-CTV4CP29" failures="0" tests="1" name="testclasses.SigunupRediffTest" time="13.051" errors="0" timestamp="2023-02-03T13:53:34 IST" skipped="0">
  <testcase classname="testclasses.SigunupRediffTest" name="TC001" time="13.051"/>
  <system-out/>
</testsuite> <!-- testclasses.SigunupRediffTest -->
