<?xml version="1.0" encoding="UTF-8"?>
<!-- Generated by org.testng.reporters.JUnitReportReporter -->
<testsuite hostname="LAPTOP-CTV4CP29" failures="0" tests="1" name="testclasses.FBTest" time="9.579" errors="0" timestamp="2023-02-09T18:04:56 IST" skipped="0">
  <testcase classname="testclasses.FBTest" name="tc01" time="9.579"/>
  <system-out/>
</testsuite> <!-- testclasses.FBTest -->
